<?xml version="1.0" encoding="UTF-8"?>
<!-- Generated by org.testng.reporters.JUnitXMLReporter -->
<testsuite ignored="0" hostname="LAPTOP-ILEVVRC8" failures="0" tests="9" name="Test" time="527.971" errors="0" timestamp="2025-08-25T15:50:27 IST">
  <testcase classname="AutoVehicleTest.MessageSentTest" name="messagesentest" time="51.272"/>
  <testcase classname="AutoVehicleTest.VehicleAffordablilityTest" name="vehicleAffTest" time="34.728"/>
  <testcase classname="AutoNation.SuvTest" name="suvTest" time="25.892"/>
  <testcase classname="AutoNation.TrailerTest" name="trailersTest" time="51.022"/>
  <testcase classname="AutoNation.CarTest" name="carTest" time="38.198"/>
  <testcase classname="AutoVehicleTest.AutoVehicleTest" name="autoEstimateTest" time="54.468"/>
  <testcase classname="AutoNation.BasicTest" name="vehicleTest" time="17.673"/>
  <testcase classname="AutoNation.RvTest" name="rvTest" time="19.602"/>
  <testcase classname="AutoVehicleTest.FourWheelDriveTest" name="fourWheel" time="59.938"/>
</testsuite> <!-- Test -->
