<?xml version="1.0" encoding="UTF-8"?>
<!-- Generated by org.testng.reporters.JUnitXMLReporter -->
<testsuite ignored="0" hostname="LAPTOP-ILEVVRC8" failures="1" tests="10" name="Test" time="1027.261" errors="0" timestamp="2025-08-25T13:04:35 IST">
  <testcase classname="AutoVehicleTest.MessageSentTest" name="messagesentest" time="75.927"/>
  <testcase classname="AutoVehicleTest.VehicleAffordablilityTest" name="vehicleAffTest" time="115.644"/>
  <testcase classname="AutoNation.SuvTest" name="suvTest" time="54.104"/>
  <testcase classname="AutoNation.TrailerTest" name="trailersTest" time="52.951"/>
  <testcase classname="AutoVehicleTest.Calculation" name="calculation" time="93.642">
    <failure type="java.lang.AssertionError" message="expected [$ 1,282.39] but found []">
      <![CDATA[java.lang.AssertionError: expected [$ 1,282.39] but found []
at AutoVehicleTest.Calculation.calculation(Calculation.java:50)
at java.base/java.util.ArrayList.forEach(ArrayList.java:1511)
... Removed 33 stack frames]]>
    </failure>
  </testcase> <!-- calculation -->
  <testcase classname="AutoNation.CarTest" name="carTest" time="52.875"/>
  <testcase classname="AutoVehicleTest.AutoVehicleTest" name="autoEstimateTest" time="122.654"/>
  <testcase classname="AutoNation.BasicTest" name="vehicleTest" time="29.295"/>
  <testcase classname="AutoNation.RvTest" name="rvTest" time="31.772"/>
  <testcase classname="AutoVehicleTest.FourWheelDriveTest" name="fourWheel" time="108.702"/>
</testsuite> <!-- Test -->
