<?xml version="1.0" encoding="UTF-8"?>
<testng-results ignored="0" total="10" passed="9" failed="1" skipped="0">
  <reporter-output>
  </reporter-output>
  <suite started-at="2025-08-25T12:47:28 IST" name="Suite" finished-at="2025-08-25T13:04:35 IST" duration-ms="1027261">
    <groups>
      <group name="regressionTest">
        <method signature="AutoVehicleTest.autoEstimateTest()[pri:0, instance:AutoVehicleTest.AutoVehicleTest@752325ad]" name="autoEstimateTest" class="AutoVehicleTest.AutoVehicleTest"/>
        <method signature="Calculation.calculation()[pri:0, instance:AutoVehicleTest.Calculation@3a52dba3]" name="calculation" class="AutoVehicleTest.Calculation"/>
        <method signature="FourWheelDriveTest.fourWheel()[pri:0, instance:AutoVehicleTest.FourWheelDriveTest@45c7e403]" name="fourWheel" class="AutoVehicleTest.FourWheelDriveTest"/>
        <method signature="MessageSentTest.messagesentest()[pri:0, instance:AutoVehicleTest.MessageSentTest@1c1bbc4e]" name="messagesentest" class="AutoVehicleTest.MessageSentTest"/>
        <method signature="VehicleAffordablilityTest.vehicleAffTest()[pri:0, instance:AutoVehicleTest.VehicleAffordablilityTest@24269709]" name="vehicleAffTest" class="AutoVehicleTest.VehicleAffordablilityTest"/>
      </group> <!-- regressionTest -->
      <group name="smokeTest">
        <method signature="BasicTest.vehicleTest()[pri:0, instance:AutoNation.BasicTest@279fedbd]" name="vehicleTest" class="AutoNation.BasicTest"/>
        <method signature="CarTest.carTest()[pri:0, instance:AutoNation.CarTest@2a5c8d3f]" name="carTest" class="AutoNation.CarTest"/>
        <method signature="RvTest.rvTest()[pri:0, instance:AutoNation.RvTest@b3ca52e]" name="rvTest" class="AutoNation.RvTest"/>
        <method signature="SuvTest.suvTest()[pri:0, instance:AutoNation.SuvTest@2aceadd4]" name="suvTest" class="AutoNation.SuvTest"/>
        <method signature="TrailerTest.trailersTest()[pri:0, instance:AutoNation.TrailerTest@24aed80c]" name="trailersTest" class="AutoNation.TrailerTest"/>
      </group> <!-- smokeTest -->
    </groups>
    <test started-at="2025-08-25T12:47:28 IST" name="Test" finished-at="2025-08-25T13:04:35 IST" duration-ms="1027261">
      <class name="AutoVehicleTest.Calculation">
        <test-method is-config="true" signature="configBC()[pri:0, instance:AutoVehicleTest.Calculation@3a52dba3]" started-at="2025-08-25T12:54:17 IST" name="configBC" finished-at="2025-08-25T12:54:18 IST" duration-ms="724" status="PASS">
          <reporter-output>
          </reporter-output>
        </test-method> <!-- configBC -->
        <test-method is-config="true" signature="configBm()[pri:0, instance:AutoVehicleTest.Calculation@3a52dba3]" started-at="2025-08-25T12:54:18 IST" name="configBm" finished-at="2025-08-25T12:54:50 IST" duration-ms="31709" status="PASS">
          <reporter-output>
          </reporter-output>
        </test-method> <!-- configBm -->
        <test-method signature="calculation()[pri:0, instance:AutoVehicleTest.Calculation@3a52dba3]" started-at="2025-08-25T12:54:50 IST" name="calculation" finished-at="2025-08-25T12:56:23 IST" duration-ms="93642" status="FAIL">
          <exception class="java.lang.AssertionError">
            <message>
              <![CDATA[expected [$ 1,282.39] but found []]]>
            </message>
            <full-stacktrace>
              <![CDATA[java.lang.AssertionError: expected [$ 1,282.39] but found []
at org.testng.Assert.fail(Assert.java:111)
at org.testng.Assert.failNotEquals(Assert.java:1578)
at org.testng.Assert.assertEqualsImpl(Assert.java:150)
at org.testng.Assert.assertEquals(Assert.java:132)
at org.testng.Assert.assertEquals(Assert.java:656)
at org.testng.Assert.assertEquals(Assert.java:666)
at AutoVehicleTest.Calculation.calculation(Calculation.java:50)
at java.base/jdk.internal.reflect.NativeMethodAccessorImpl.invoke0(Native Method)
at java.base/jdk.internal.reflect.NativeMethodAccessorImpl.invoke(NativeMethodAccessorImpl.java:77)
at java.base/jdk.internal.reflect.DelegatingMethodAccessorImpl.invoke(DelegatingMethodAccessorImpl.java:43)
at java.base/java.lang.reflect.Method.invoke(Method.java:568)
at org.testng.internal.invokers.MethodInvocationHelper.invokeMethod(MethodInvocationHelper.java:141)
at org.testng.internal.invokers.TestInvoker.invokeMethod(TestInvoker.java:686)
at org.testng.internal.invokers.TestInvoker.invokeTestMethod(TestInvoker.java:230)
at org.testng.internal.invokers.MethodRunner.runInSequence(MethodRunner.java:63)
at org.testng.internal.invokers.TestInvoker$MethodInvocationAgent.invoke(TestInvoker.java:992)
at org.testng.internal.invokers.TestInvoker.invokeTestMethods(TestInvoker.java:203)
at org.testng.internal.invokers.TestMethodWorker.invokeTestMethods(TestMethodWorker.java:154)
at org.testng.internal.invokers.TestMethodWorker.run(TestMethodWorker.java:134)
at java.base/java.util.ArrayList.forEach(ArrayList.java:1511)
at org.testng.TestRunner.privateRun(TestRunner.java:739)
at org.testng.TestRunner.run(TestRunner.java:614)
at org.testng.SuiteRunner.runTest(SuiteRunner.java:421)
at org.testng.SuiteRunner.runSequentially(SuiteRunner.java:413)
at org.testng.SuiteRunner.privateRun(SuiteRunner.java:373)
at org.testng.SuiteRunner.run(SuiteRunner.java:312)
at org.testng.SuiteRunnerWorker.runSuite(SuiteRunnerWorker.java:52)
at org.testng.SuiteRunnerWorker.run(SuiteRunnerWorker.java:95)
at org.testng.TestNG.runSuitesSequentially(TestNG.java:1274)
at org.testng.TestNG.runSuitesLocally(TestNG.java:1208)
at org.testng.TestNG.runSuites(TestNG.java:1112)
at org.testng.TestNG.run(TestNG.java:1079)
at org.testng.remote.AbstractRemoteTestNG.run(AbstractRemoteTestNG.java:115)
at org.testng.remote.RemoteTestNG.initAndRun(RemoteTestNG.java:293)
at org.testng.remote.RemoteTestNG.main(RemoteTestNG.java:91)
]]>
            </full-stacktrace>
          </exception> <!-- java.lang.AssertionError -->
          <reporter-output>
          </reporter-output>
        </test-method> <!-- calculation -->
        <test-method is-config="true" signature="configAC()[pri:0, instance:AutoVehicleTest.Calculation@3a52dba3]" started-at="2025-08-25T12:56:24 IST" name="configAC" finished-at="2025-08-25T12:56:24 IST" duration-ms="345" status="PASS">
          <reporter-output>
          </reporter-output>
        </test-method> <!-- configAC -->
      </class> <!-- AutoVehicleTest.Calculation -->
      <class name="AutoNation.RvTest">
        <test-method is-config="true" signature="configBC()[pri:0, instance:AutoNation.RvTest@b3ca52e]" started-at="2025-08-25T13:01:11 IST" name="configBC" finished-at="2025-08-25T13:01:12 IST" duration-ms="800" status="PASS">
          <reporter-output>
          </reporter-output>
        </test-method> <!-- configBC -->
        <test-method is-config="true" signature="configBm()[pri:0, instance:AutoNation.RvTest@b3ca52e]" started-at="2025-08-25T13:01:12 IST" name="configBm" finished-at="2025-08-25T13:01:43 IST" duration-ms="30719" status="PASS">
          <reporter-output>
          </reporter-output>
        </test-method> <!-- configBm -->
        <test-method signature="rvTest()[pri:0, instance:AutoNation.RvTest@b3ca52e]" started-at="2025-08-25T13:01:43 IST" name="rvTest" finished-at="2025-08-25T13:02:15 IST" duration-ms="31772" status="PASS">
          <reporter-output>
          </reporter-output>
        </test-method> <!-- rvTest -->
        <test-method is-config="true" signature="configAC()[pri:0, instance:AutoNation.RvTest@b3ca52e]" started-at="2025-08-25T13:02:15 IST" name="configAC" finished-at="2025-08-25T13:02:15 IST" duration-ms="518" status="PASS">
          <reporter-output>
          </reporter-output>
        </test-method> <!-- configAC -->
      </class> <!-- AutoNation.RvTest -->
      <class name="AutoNation.TrailerTest">
        <test-method is-config="true" signature="configBC()[pri:0, instance:AutoNation.TrailerTest@24aed80c]" started-at="2025-08-25T12:53:02 IST" name="configBC" finished-at="2025-08-25T12:53:03 IST" duration-ms="659" status="PASS">
          <reporter-output>
          </reporter-output>
        </test-method> <!-- configBC -->
        <test-method is-config="true" signature="configBm()[pri:0, instance:AutoNation.TrailerTest@24aed80c]" started-at="2025-08-25T12:53:03 IST" name="configBm" finished-at="2025-08-25T12:53:24 IST" duration-ms="21341" status="PASS">
          <reporter-output>
          </reporter-output>
        </test-method> <!-- configBm -->
        <test-method signature="trailersTest()[pri:0, instance:AutoNation.TrailerTest@24aed80c]" started-at="2025-08-25T12:53:24 IST" name="trailersTest" finished-at="2025-08-25T12:54:17 IST" duration-ms="52951" status="PASS">
          <reporter-output>
          </reporter-output>
        </test-method> <!-- trailersTest -->
        <test-method is-config="true" signature="configAC()[pri:0, instance:AutoNation.TrailerTest@24aed80c]" started-at="2025-08-25T12:54:17 IST" name="configAC" finished-at="2025-08-25T12:54:17 IST" duration-ms="351" status="PASS">
          <reporter-output>
          </reporter-output>
        </test-method> <!-- configAC -->
      </class> <!-- AutoNation.TrailerTest -->
      <class name="AutoVehicleTest.MessageSentTest">
        <test-method is-config="true" signature="configBC()[pri:0, instance:AutoVehicleTest.MessageSentTest@1c1bbc4e]" started-at="2025-08-25T12:47:28 IST" name="configBC" finished-at="2025-08-25T12:47:29 IST" duration-ms="968" status="PASS">
          <reporter-output>
          </reporter-output>
        </test-method> <!-- configBC -->
        <test-method is-config="true" signature="configBm()[pri:0, instance:AutoVehicleTest.MessageSentTest@1c1bbc4e]" started-at="2025-08-25T12:47:29 IST" name="configBm" finished-at="2025-08-25T12:47:57 IST" duration-ms="28114" status="PASS">
          <reporter-output>
          </reporter-output>
        </test-method> <!-- configBm -->
        <test-method signature="messagesentest()[pri:0, instance:AutoVehicleTest.MessageSentTest@1c1bbc4e]" started-at="2025-08-25T12:47:57 IST" name="messagesentest" finished-at="2025-08-25T12:49:13 IST" duration-ms="75927" status="PASS">
          <reporter-output>
          </reporter-output>
        </test-method> <!-- messagesentest -->
        <test-method is-config="true" signature="configAC()[pri:0, instance:AutoVehicleTest.MessageSentTest@1c1bbc4e]" started-at="2025-08-25T12:49:13 IST" name="configAC" finished-at="2025-08-25T12:49:13 IST" duration-ms="368" status="PASS">
          <reporter-output>
          </reporter-output>
        </test-method> <!-- configAC -->
      </class> <!-- AutoVehicleTest.MessageSentTest -->
      <class name="AutoNation.CarTest">
        <test-method is-config="true" signature="configBC()[pri:0, instance:AutoNation.CarTest@2a5c8d3f]" started-at="2025-08-25T12:56:24 IST" name="configBC" finished-at="2025-08-25T12:56:25 IST" duration-ms="692" status="PASS">
          <reporter-output>
          </reporter-output>
        </test-method> <!-- configBC -->
        <test-method is-config="true" signature="configBm()[pri:0, instance:AutoNation.CarTest@2a5c8d3f]" started-at="2025-08-25T12:56:25 IST" name="configBm" finished-at="2025-08-25T12:56:54 IST" duration-ms="28728" status="PASS">
          <reporter-output>
          </reporter-output>
        </test-method> <!-- configBm -->
        <test-method signature="carTest()[pri:0, instance:AutoNation.CarTest@2a5c8d3f]" started-at="2025-08-25T12:56:54 IST" name="carTest" finished-at="2025-08-25T12:57:46 IST" duration-ms="52875" status="PASS">
          <reporter-output>
          </reporter-output>
        </test-method> <!-- carTest -->
        <test-method is-config="true" signature="configAC()[pri:0, instance:AutoNation.CarTest@2a5c8d3f]" started-at="2025-08-25T12:57:47 IST" name="configAC" finished-at="2025-08-25T12:57:48 IST" duration-ms="1374" status="PASS">
          <reporter-output>
          </reporter-output>
        </test-method> <!-- configAC -->
      </class> <!-- AutoNation.CarTest -->
      <class name="AutoNation.SuvTest">
        <test-method is-config="true" signature="configBC()[pri:0, instance:AutoNation.SuvTest@2aceadd4]" started-at="2025-08-25T12:51:38 IST" name="configBC" finished-at="2025-08-25T12:51:38 IST" duration-ms="624" status="PASS">
          <reporter-output>
          </reporter-output>
        </test-method> <!-- configBC -->
        <test-method is-config="true" signature="configBm()[pri:0, instance:AutoNation.SuvTest@2aceadd4]" started-at="2025-08-25T12:51:38 IST" name="configBm" finished-at="2025-08-25T12:52:08 IST" duration-ms="29288" status="PASS">
          <reporter-output>
          </reporter-output>
        </test-method> <!-- configBm -->
        <test-method signature="suvTest()[pri:0, instance:AutoNation.SuvTest@2aceadd4]" started-at="2025-08-25T12:52:08 IST" name="suvTest" finished-at="2025-08-25T12:53:02 IST" duration-ms="54104" status="PASS">
          <reporter-output>
          </reporter-output>
        </test-method> <!-- suvTest -->
        <test-method is-config="true" signature="configAC()[pri:0, instance:AutoNation.SuvTest@2aceadd4]" started-at="2025-08-25T12:53:02 IST" name="configAC" finished-at="2025-08-25T12:53:02 IST" duration-ms="315" status="PASS">
          <reporter-output>
          </reporter-output>
        </test-method> <!-- configAC -->
      </class> <!-- AutoNation.SuvTest -->
      <class name="AutoNation.BasicTest">
        <test-method is-config="true" signature="configBC()[pri:0, instance:AutoNation.BasicTest@279fedbd]" started-at="2025-08-25T13:00:10 IST" name="configBC" finished-at="2025-08-25T13:00:11 IST" duration-ms="810" status="PASS">
          <reporter-output>
          </reporter-output>
        </test-method> <!-- configBC -->
        <test-method is-config="true" signature="configBm()[pri:0, instance:AutoNation.BasicTest@279fedbd]" started-at="2025-08-25T13:00:11 IST" name="configBm" finished-at="2025-08-25T13:00:42 IST" duration-ms="30704" status="PASS">
          <reporter-output>
          </reporter-output>
        </test-method> <!-- configBm -->
        <test-method signature="vehicleTest()[pri:0, instance:AutoNation.BasicTest@279fedbd]" started-at="2025-08-25T13:00:42 IST" name="vehicleTest" finished-at="2025-08-25T13:01:11 IST" duration-ms="29295" status="PASS">
          <reporter-output>
          </reporter-output>
        </test-method> <!-- vehicleTest -->
        <test-method is-config="true" signature="configAC()[pri:0, instance:AutoNation.BasicTest@279fedbd]" started-at="2025-08-25T13:01:11 IST" name="configAC" finished-at="2025-08-25T13:01:11 IST" duration-ms="356" status="PASS">
          <reporter-output>
          </reporter-output>
        </test-method> <!-- configAC -->
      </class> <!-- AutoNation.BasicTest -->
      <class name="AutoVehicleTest.AutoVehicleTest">
        <test-method is-config="true" signature="configBC()[pri:0, instance:AutoVehicleTest.AutoVehicleTest@752325ad]" started-at="2025-08-25T12:57:48 IST" name="configBC" finished-at="2025-08-25T12:57:49 IST" duration-ms="883" status="PASS">
          <reporter-output>
          </reporter-output>
        </test-method> <!-- configBC -->
        <test-method is-config="true" signature="configBm()[pri:0, instance:AutoVehicleTest.AutoVehicleTest@752325ad]" started-at="2025-08-25T12:57:49 IST" name="configBm" finished-at="2025-08-25T12:58:07 IST" duration-ms="18141" status="PASS">
          <reporter-output>
          </reporter-output>
        </test-method> <!-- configBm -->
        <test-method signature="autoEstimateTest()[pri:0, instance:AutoVehicleTest.AutoVehicleTest@752325ad]" started-at="2025-08-25T12:58:07 IST" name="autoEstimateTest" finished-at="2025-08-25T13:00:10 IST" duration-ms="122654" status="PASS">
          <reporter-output>
          </reporter-output>
        </test-method> <!-- autoEstimateTest -->
        <test-method is-config="true" signature="configAC()[pri:0, instance:AutoVehicleTest.AutoVehicleTest@752325ad]" started-at="2025-08-25T13:00:10 IST" name="configAC" finished-at="2025-08-25T13:00:10 IST" duration-ms="589" status="PASS">
          <reporter-output>
          </reporter-output>
        </test-method> <!-- configAC -->
      </class> <!-- AutoVehicleTest.AutoVehicleTest -->
      <class name="AutoVehicleTest.VehicleAffordablilityTest">
        <test-method is-config="true" signature="configBC()[pri:0, instance:AutoVehicleTest.VehicleAffordablilityTest@24269709]" started-at="2025-08-25T12:49:13 IST" name="configBC" finished-at="2025-08-25T12:49:14 IST" duration-ms="701" status="PASS">
          <reporter-output>
          </reporter-output>
        </test-method> <!-- configBC -->
        <test-method is-config="true" signature="configBm()[pri:0, instance:AutoVehicleTest.VehicleAffordablilityTest@24269709]" started-at="2025-08-25T12:49:14 IST" name="configBm" finished-at="2025-08-25T12:49:42 IST" duration-ms="27976" status="PASS">
          <reporter-output>
          </reporter-output>
        </test-method> <!-- configBm -->
        <test-method signature="vehicleAffTest()[pri:0, instance:AutoVehicleTest.VehicleAffordablilityTest@24269709]" started-at="2025-08-25T12:49:42 IST" name="vehicleAffTest" finished-at="2025-08-25T12:51:37 IST" duration-ms="115644" status="PASS">
          <reporter-output>
          </reporter-output>
        </test-method> <!-- vehicleAffTest -->
        <test-method is-config="true" signature="configAC()[pri:0, instance:AutoVehicleTest.VehicleAffordablilityTest@24269709]" started-at="2025-08-25T12:51:37 IST" name="configAC" finished-at="2025-08-25T12:51:38 IST" duration-ms="244" status="PASS">
          <reporter-output>
          </reporter-output>
        </test-method> <!-- configAC -->
      </class> <!-- AutoVehicleTest.VehicleAffordablilityTest -->
      <class name="AutoVehicleTest.FourWheelDriveTest">
        <test-method is-config="true" signature="configBC()[pri:0, instance:AutoVehicleTest.FourWheelDriveTest@45c7e403]" started-at="2025-08-25T13:02:15 IST" name="configBC" finished-at="2025-08-25T13:02:16 IST" duration-ms="748" status="PASS">
          <reporter-output>
          </reporter-output>
        </test-method> <!-- configBC -->
        <test-method is-config="true" signature="configBm()[pri:0, instance:AutoVehicleTest.FourWheelDriveTest@45c7e403]" started-at="2025-08-25T13:02:16 IST" name="configBm" finished-at="2025-08-25T13:02:46 IST" duration-ms="29706" status="PASS">
          <reporter-output>
          </reporter-output>
        </test-method> <!-- configBm -->
        <test-method signature="fourWheel()[pri:0, instance:AutoVehicleTest.FourWheelDriveTest@45c7e403]" started-at="2025-08-25T13:02:46 IST" name="fourWheel" finished-at="2025-08-25T13:04:34 IST" duration-ms="108702" status="PASS">
          <reporter-output>
          </reporter-output>
        </test-method> <!-- fourWheel -->
        <test-method is-config="true" signature="configAC()[pri:0, instance:AutoVehicleTest.FourWheelDriveTest@45c7e403]" started-at="2025-08-25T13:04:34 IST" name="configAC" finished-at="2025-08-25T13:04:35 IST" duration-ms="442" status="PASS">
          <reporter-output>
          </reporter-output>
        </test-method> <!-- configAC -->
      </class> <!-- AutoVehicleTest.FourWheelDriveTest -->
    </test> <!-- Test -->
  </suite> <!-- Suite -->
</testng-results>
